Performing C SOURCE FILE Test CMAKE_HAVE_LIBC_PTHREAD failed with the following output:
Change Dir: /home/csmajs/spun003/github-classroom/cs100/final-project-kchau047-rwong095-spun003-athan014/CMakeFiles/CMakeTmp

Run Build Command(s):/usr/bin/gmake -f Makefile cmTC_571c5/fast && /usr/bin/gmake  -f CMakeFiles/cmTC_571c5.dir/build.make CMakeFiles/cmTC_571c5.dir/build
gmake[1]: Entering directory '/data/home/csmajs/spun003/github-classroom/cs100/final-project-kchau047-rwong095-spun003-athan014/CMakeFiles/CMakeTmp'
Building C object CMakeFiles/cmTC_571c5.dir/src.c.o
/usr/bin/cc -DCMAKE_HAVE_LIBC_PTHREAD   -o CMakeFiles/cmTC_571c5.dir/src.c.o -c /home/csmajs/spun003/github-classroom/cs100/final-project-kchau047-rwong095-spun003-athan014/CMakeFiles/CMakeTmp/src.c
Linking C executable cmTC_571c5
/usr/bin/cmake -E cmake_link_script CMakeFiles/cmTC_571c5.dir/link.txt --verbose=1
/usr/bin/cc CMakeFiles/cmTC_571c5.dir/src.c.o -o cmTC_571c5 
CMakeFiles/cmTC_571c5.dir/src.c.o: In function `main':
src.c:(.text+0x2d): undefined reference to `pthread_create'
src.c:(.text+0x39): undefined reference to `pthread_detach'
src.c:(.text+0x45): undefined reference to `pthread_cancel'
src.c:(.text+0x56): undefined reference to `pthread_join'
collect2: error: ld returned 1 exit status
gmake[1]: *** [CMakeFiles/cmTC_571c5.dir/build.make:99: cmTC_571c5] Error 1
gmake[1]: Leaving directory '/data/home/csmajs/spun003/github-classroom/cs100/final-project-kchau047-rwong095-spun003-athan014/CMakeFiles/CMakeTmp'
gmake: *** [Makefile:127: cmTC_571c5/fast] Error 2


Source file was:
#include <pthread.h>

static void* test_func(void* data)
{
  return data;
}

int main(void)
{
  pthread_t thread;
  pthread_create(&thread, NULL, test_func, NULL);
  pthread_detach(thread);
  pthread_cancel(thread);
  pthread_join(thread, NULL);
  pthread_atfork(NULL, NULL, NULL);
  pthread_exit(NULL);

  return 0;
}

Determining if the function pthread_create exists in the pthreads failed with the following output:
Change Dir: /home/csmajs/spun003/github-classroom/cs100/final-project-kchau047-rwong095-spun003-athan014/CMakeFiles/CMakeTmp

Run Build Command(s):/usr/bin/gmake -f Makefile cmTC_59236/fast && /usr/bin/gmake  -f CMakeFiles/cmTC_59236.dir/build.make CMakeFiles/cmTC_59236.dir/build
gmake[1]: Entering directory '/data/home/csmajs/spun003/github-classroom/cs100/final-project-kchau047-rwong095-spun003-athan014/CMakeFiles/CMakeTmp'
Building C object CMakeFiles/cmTC_59236.dir/CheckFunctionExists.c.o
/usr/bin/cc   -DCHECK_FUNCTION_EXISTS=pthread_create -o CMakeFiles/cmTC_59236.dir/CheckFunctionExists.c.o -c /usr/share/cmake/Modules/CheckFunctionExists.c
Linking C executable cmTC_59236
/usr/bin/cmake -E cmake_link_script CMakeFiles/cmTC_59236.dir/link.txt --verbose=1
/usr/bin/cc  -DCHECK_FUNCTION_EXISTS=pthread_create CMakeFiles/cmTC_59236.dir/CheckFunctionExists.c.o -o cmTC_59236  -lpthreads 
/usr/bin/ld: cannot find -lpthreads
collect2: error: ld returned 1 exit status
gmake[1]: *** [CMakeFiles/cmTC_59236.dir/build.make:99: cmTC_59236] Error 1
gmake[1]: Leaving directory '/data/home/csmajs/spun003/github-classroom/cs100/final-project-kchau047-rwong095-spun003-athan014/CMakeFiles/CMakeTmp'
gmake: *** [Makefile:127: cmTC_59236/fast] Error 2



